<?xml version="1.0" encoding="UTF-8" ?>
<testsuite tests="9" failures="0" name="bike.rapido.parkinglot.ParkingLotTest" time="0.005" errors="0" skipped="0">
  <properties>
[...]
</properties>
  <testcase classname="bike.rapido.parkinglot.ParkingLotTest" name="shouldNotNotifyAirportSecurityPersonalIfParkingLotIsNotFull" time="0.003"/>
  <testcase classname="bike.rapido.parkinglot.ParkingLotTest" name="shouldNotAllowDriverToParkIfAvailableSlotsAre0" time="0"/>
  <testcase classname="bike.rapido.parkinglot.ParkingLotTest" name="shouldAllowDriverToUnParkCar" time="0"/>
  <testcase classname="bike.rapido.parkinglot.ParkingLotTest" name="shouldAllowDriverToParkIfAvailableSlotsAreMoreThan1" time="0"/>
  <testcase classname="bike.rapido.parkinglot.ParkingLotTest" name="shouldNotNotifyOwnerIfParkingLotIsNotFull" time="0.002"/>
  <testcase classname="bike.rapido.parkinglot.ParkingLotTest" name="shouldNotifyOwnerIfParkingLotIsFull" time="0"/>
  <testcase classname="bike.rapido.parkinglot.ParkingLotTest" name="shouldNotAllowDriverToUnParkFromEmptyParkingSpace" time="0"/>
  <testcase classname="bike.rapido.parkinglot.ParkingLotTest" name="shouldNotifyOwnerIfParkingLotHasSpaceAgain" time="0"/>
  <testcase classname="bike.rapido.parkinglot.ParkingLotTest" name="shouldNotifyAirportSecurityPersonalIfParkingLotIsFull" time="0"/>
</testsuite>